
error [Fri Aug 27 2021 06:59:13 GMT+0530 (India Standard Time)]  Password doesn't match!


error [Fri Aug 27 2021 06:59:56 GMT+0530 (India Standard Time)]  Invalid User Credentials






















error [Fri Aug 27 2021 07:15:24 GMT+0530 (India Standard Time)]  Password doesn't match!
error [Fri Aug 27 2021 07:15:24 GMT+0530 (India Standard Time)]  Invalid User Credentials














error [Fri Aug 27 2021 07:21:15 GMT+0530 (India Standard Time)]  Password doesn't match!
error [Fri Aug 27 2021 07:21:15 GMT+0530 (India Standard Time)]  Invalid User Credentials






error [Fri Aug 27 2021 07:22:50 GMT+0530 (India Standard Time)]  Password doesn't match!
error [Fri Aug 27 2021 07:22:50 GMT+0530 (India Standard Time)]  Invalid User Credentials




error [Fri Aug 27 2021 07:23:10 GMT+0530 (India Standard Time)]  Password doesn't match!
error [Fri Aug 27 2021 07:23:10 GMT+0530 (India Standard Time)]  Invalid User Credentials








error [Fri Aug 27 2021 07:31:53 GMT+0530 (India Standard Time)]  Password doesn't match!
error [Fri Aug 27 2021 07:31:53 GMT+0530 (India Standard Time)]  Invalid User Credentials




































































































error [Tue Aug 31 2021 08:12:22 GMT+0530 (India Standard Time)]  Invalid User Credentials


































































































































































































































































































































































error [Sat Sep 04 2021 07:03:40 GMT+0530 (India Standard Time)]  Password doesn't match!
error [Sat Sep 04 2021 07:03:41 GMT+0530 (India Standard Time)]  Invalid User Credentials




error [Sat Sep 04 2021 07:04:48 GMT+0530 (India Standard Time)]  Password doesn't match!
error [Sat Sep 04 2021 07:04:48 GMT+0530 (India Standard Time)]  Invalid User Credentials






error [Sat Sep 04 2021 07:27:38 GMT+0530 (India Standard Time)]  Password doesn't match!
error [Sat Sep 04 2021 07:27:38 GMT+0530 (India Standard Time)]  Invalid User Credentials



















error [Sat Sep 04 2021 07:37:39 GMT+0530 (India Standard Time)]  Password doesn't match!
error [Sat Sep 04 2021 07:37:39 GMT+0530 (India Standard Time)]  Invalid User Credentials






















































































































































































































error [Mon Sep 06 2021 04:02:23 GMT+0530 (India Standard Time)]  Password doesn't match!
error [Mon Sep 06 2021 04:02:24 GMT+0530 (India Standard Time)]  Invalid User Credentials


















error [Mon Sep 06 2021 06:14:18 GMT+0530 (India Standard Time)]  Password doesn't match!
error [Mon Sep 06 2021 06:14:18 GMT+0530 (India Standard Time)]  Invalid User Credentials








error [Mon Sep 06 2021 06:19:34 GMT+0530 (India Standard Time)]  Password doesn't match!
error [Mon Sep 06 2021 06:19:34 GMT+0530 (India Standard Time)]  Invalid User Credentials




error [Mon Sep 06 2021 06:21:29 GMT+0530 (India Standard Time)]  Password doesn't match!
error [Mon Sep 06 2021 06:21:29 GMT+0530 (India Standard Time)]  Invalid User Credentials




error [Mon Sep 06 2021 06:22:01 GMT+0530 (India Standard Time)]  Password doesn't match!
error [Mon Sep 06 2021 06:22:01 GMT+0530 (India Standard Time)]  Invalid User Credentials






error [Mon Sep 06 2021 06:22:57 GMT+0530 (India Standard Time)]  Password doesn't match!
error [Mon Sep 06 2021 06:22:57 GMT+0530 (India Standard Time)]  Invalid User Credentials
























error [Mon Sep 06 2021 06:28:07 GMT+0530 (India Standard Time)]  Password doesn't match!
error [Mon Sep 06 2021 06:28:07 GMT+0530 (India Standard Time)]  Invalid User Credentials






error [Mon Sep 06 2021 06:34:37 GMT+0530 (India Standard Time)]  Password doesn't match!
error [Mon Sep 06 2021 06:34:37 GMT+0530 (India Standard Time)]  Invalid User Credentials




error [Mon Sep 06 2021 06:36:34 GMT+0530 (India Standard Time)]  Password doesn't match!
error [Mon Sep 06 2021 06:36:34 GMT+0530 (India Standard Time)]  Invalid User Credentials








error [Mon Sep 06 2021 06:38:22 GMT+0530 (India Standard Time)]  Password doesn't match!
error [Mon Sep 06 2021 06:38:22 GMT+0530 (India Standard Time)]  Invalid User Credentials


















error [Mon Sep 06 2021 06:43:42 GMT+0530 (India Standard Time)]  Password doesn't match!
error [Mon Sep 06 2021 06:43:42 GMT+0530 (India Standard Time)]  Invalid User Credentials
















error [Mon Sep 06 2021 06:46:51 GMT+0530 (India Standard Time)]  Password doesn't match!
error [Mon Sep 06 2021 06:46:51 GMT+0530 (India Standard Time)]  Invalid User Credentials






error [Mon Sep 06 2021 06:48:42 GMT+0530 (India Standard Time)]  Password doesn't match!
error [Mon Sep 06 2021 06:48:42 GMT+0530 (India Standard Time)]  Invalid User Credentials




error [Mon Sep 06 2021 06:49:24 GMT+0530 (India Standard Time)]  Password doesn't match!
error [Mon Sep 06 2021 06:49:24 GMT+0530 (India Standard Time)]  Invalid User Credentials




error [Mon Sep 06 2021 06:52:17 GMT+0530 (India Standard Time)]  Password doesn't match!
error [Mon Sep 06 2021 06:52:17 GMT+0530 (India Standard Time)]  Invalid User Credentials




error [Mon Sep 06 2021 06:54:30 GMT+0530 (India Standard Time)]  Password doesn't match!
error [Mon Sep 06 2021 06:54:30 GMT+0530 (India Standard Time)]  Invalid User Credentials






error [Mon Sep 06 2021 06:55:16 GMT+0530 (India Standard Time)]  Password doesn't match!
error [Mon Sep 06 2021 06:55:16 GMT+0530 (India Standard Time)]  Invalid User Credentials










error [Mon Sep 06 2021 06:57:31 GMT+0530 (India Standard Time)]  Password doesn't match!
error [Mon Sep 06 2021 06:57:31 GMT+0530 (India Standard Time)]  Invalid User Credentials




error [Mon Sep 06 2021 06:58:41 GMT+0530 (India Standard Time)]  Password doesn't match!
error [Mon Sep 06 2021 06:58:41 GMT+0530 (India Standard Time)]  Invalid User Credentials




error [Mon Sep 06 2021 06:59:50 GMT+0530 (India Standard Time)]  Password doesn't match!
error [Mon Sep 06 2021 06:59:50 GMT+0530 (India Standard Time)]  Invalid User Credentials




error [Mon Sep 06 2021 07:01:04 GMT+0530 (India Standard Time)]  Password doesn't match!
error [Mon Sep 06 2021 07:01:04 GMT+0530 (India Standard Time)]  Invalid User Credentials




error [Mon Sep 06 2021 07:05:48 GMT+0530 (India Standard Time)]  Password doesn't match!
error [Mon Sep 06 2021 07:05:48 GMT+0530 (India Standard Time)]  Invalid User Credentials






















error [Mon Sep 06 2021 07:12:53 GMT+0530 (India Standard Time)]  Password doesn't match!
error [Mon Sep 06 2021 07:12:53 GMT+0530 (India Standard Time)]  Invalid User Credentials




error [Mon Sep 06 2021 07:20:26 GMT+0530 (India Standard Time)]  Password doesn't match!
error [Mon Sep 06 2021 07:20:26 GMT+0530 (India Standard Time)]  Invalid User Credentials


error [Mon Sep 06 2021 07:21:28 GMT+0530 (India Standard Time)]  Password doesn't match!
error [Mon Sep 06 2021 07:21:28 GMT+0530 (India Standard Time)]  Invalid User Credentials


error [Mon Sep 06 2021 07:23:04 GMT+0530 (India Standard Time)]  Password doesn't match!
error [Mon Sep 06 2021 07:23:04 GMT+0530 (India Standard Time)]  Invalid User Credentials


error [Mon Sep 06 2021 07:24:31 GMT+0530 (India Standard Time)]  Password doesn't match!
error [Mon Sep 06 2021 07:24:31 GMT+0530 (India Standard Time)]  Invalid User Credentials


error [Mon Sep 06 2021 07:33:20 GMT+0530 (India Standard Time)]  Password doesn't match!
error [Mon Sep 06 2021 07:33:20 GMT+0530 (India Standard Time)]  Invalid User Credentials


error [Mon Sep 06 2021 07:34:25 GMT+0530 (India Standard Time)]  Password doesn't match!
error [Mon Sep 06 2021 07:34:25 GMT+0530 (India Standard Time)]  Invalid User Credentials


error [Mon Sep 06 2021 07:34:57 GMT+0530 (India Standard Time)]  Password doesn't match!
error [Mon Sep 06 2021 07:34:57 GMT+0530 (India Standard Time)]  Invalid User Credentials


error [Mon Sep 06 2021 07:35:31 GMT+0530 (India Standard Time)]  Password doesn't match!
error [Mon Sep 06 2021 07:35:31 GMT+0530 (India Standard Time)]  Invalid User Credentials


error [Mon Sep 06 2021 08:14:34 GMT+0530 (India Standard Time)]  Password doesn't match!
error [Mon Sep 06 2021 08:14:34 GMT+0530 (India Standard Time)]  Invalid User Credentials


error [Mon Sep 06 2021 08:16:59 GMT+0530 (India Standard Time)]  Password doesn't match!
error [Mon Sep 06 2021 08:16:59 GMT+0530 (India Standard Time)]  Invalid User Credentials




error [Mon Sep 06 2021 08:19:39 GMT+0530 (India Standard Time)]  Password doesn't match!
error [Mon Sep 06 2021 08:19:39 GMT+0530 (India Standard Time)]  Invalid User Credentials


error [Mon Sep 06 2021 08:43:01 GMT+0530 (India Standard Time)]  Password doesn't match!
error [Mon Sep 06 2021 08:43:02 GMT+0530 (India Standard Time)]  Invalid User Credentials






error [Mon Sep 06 2021 19:44:38 GMT+0530 (India Standard Time)]  Password doesn't match!
error [Mon Sep 06 2021 19:44:38 GMT+0530 (India Standard Time)]  Invalid User Credentials




error [Mon Sep 06 2021 19:45:43 GMT+0530 (India Standard Time)]  Password doesn't match!
error [Mon Sep 06 2021 19:45:43 GMT+0530 (India Standard Time)]  Invalid User Credentials






error [Mon Sep 06 2021 19:46:36 GMT+0530 (India Standard Time)]  Password doesn't match!
error [Mon Sep 06 2021 19:46:36 GMT+0530 (India Standard Time)]  Invalid User Credentials








error [Mon Sep 06 2021 19:51:01 GMT+0530 (India Standard Time)]  Password doesn't match!
error [Mon Sep 06 2021 19:51:01 GMT+0530 (India Standard Time)]  Invalid User Credentials




error [Mon Sep 06 2021 19:52:01 GMT+0530 (India Standard Time)]  Password doesn't match!
error [Mon Sep 06 2021 19:52:01 GMT+0530 (India Standard Time)]  Invalid User Credentials




error [Mon Sep 06 2021 20:00:37 GMT+0530 (India Standard Time)]  Password doesn't match!
error [Mon Sep 06 2021 20:00:37 GMT+0530 (India Standard Time)]  Invalid User Credentials






error [Mon Sep 06 2021 20:01:40 GMT+0530 (India Standard Time)]  Password doesn't match!
error [Mon Sep 06 2021 20:01:40 GMT+0530 (India Standard Time)]  Invalid User Credentials










error [Mon Sep 06 2021 20:09:26 GMT+0530 (India Standard Time)]  Password doesn't match!
error [Mon Sep 06 2021 20:09:26 GMT+0530 (India Standard Time)]  Invalid User Credentials




error [Mon Sep 06 2021 20:11:13 GMT+0530 (India Standard Time)]  Password doesn't match!
error [Mon Sep 06 2021 20:11:13 GMT+0530 (India Standard Time)]  Invalid User Credentials










error [Mon Sep 06 2021 20:13:35 GMT+0530 (India Standard Time)]  Password doesn't match!
error [Mon Sep 06 2021 20:13:35 GMT+0530 (India Standard Time)]  Invalid User Credentials














error [Mon Sep 06 2021 20:40:56 GMT+0530 (India Standard Time)]  Password doesn't match!
error [Mon Sep 06 2021 20:40:56 GMT+0530 (India Standard Time)]  Invalid User Credentials








error [Mon Sep 06 2021 20:49:29 GMT+0530 (India Standard Time)]  Password doesn't match!
error [Mon Sep 06 2021 20:49:29 GMT+0530 (India Standard Time)]  Invalid User Credentials








error [Sun Sep 12 2021 21:34:18 GMT+0530 (India Standard Time)]  Password doesn't match!
error [Sun Sep 12 2021 21:34:18 GMT+0530 (India Standard Time)]  Invalid User Credentials




error [Sun Sep 12 2021 21:36:17 GMT+0530 (India Standard Time)]  Password doesn't match!
error [Sun Sep 12 2021 21:36:17 GMT+0530 (India Standard Time)]  Invalid User Credentials




error [Sun Sep 12 2021 21:37:06 GMT+0530 (India Standard Time)]  Password doesn't match!
error [Sun Sep 12 2021 21:37:06 GMT+0530 (India Standard Time)]  Invalid User Credentials








error [Sun Sep 12 2021 21:47:47 GMT+0530 (India Standard Time)]  Password doesn't match!
error [Sun Sep 12 2021 21:47:47 GMT+0530 (India Standard Time)]  Invalid User Credentials




error [Sun Sep 12 2021 21:49:42 GMT+0530 (India Standard Time)]  Password doesn't match!
error [Sun Sep 12 2021 21:49:42 GMT+0530 (India Standard Time)]  Invalid User Credentials


error [Sun Sep 12 2021 23:33:25 GMT+0530 (India Standard Time)]  Password doesn't match!
error [Sun Sep 12 2021 23:33:25 GMT+0530 (India Standard Time)]  Invalid User Credentials






error [Sun Sep 12 2021 23:34:20 GMT+0530 (India Standard Time)]  Password doesn't match!
error [Sun Sep 12 2021 23:34:20 GMT+0530 (India Standard Time)]  Invalid User Credentials


error [Sun Sep 12 2021 23:35:27 GMT+0530 (India Standard Time)]  Password doesn't match!
error [Sun Sep 12 2021 23:35:27 GMT+0530 (India Standard Time)]  Invalid User Credentials




error [Sun Sep 12 2021 23:36:00 GMT+0530 (India Standard Time)]  Password doesn't match!
error [Sun Sep 12 2021 23:36:00 GMT+0530 (India Standard Time)]  Invalid User Credentials


error [Mon Sep 13 2021 08:32:43 GMT+0530 (India Standard Time)]  Password doesn't match!
error [Mon Sep 13 2021 08:32:43 GMT+0530 (India Standard Time)]  Invalid User Credentials


error [Mon Sep 13 2021 08:35:05 GMT+0530 (India Standard Time)]  Password doesn't match!
error [Mon Sep 13 2021 08:35:05 GMT+0530 (India Standard Time)]  Invalid User Credentials


error [Mon Sep 13 2021 08:37:36 GMT+0530 (India Standard Time)]  Password doesn't match!
error [Mon Sep 13 2021 08:37:36 GMT+0530 (India Standard Time)]  Invalid User Credentials


error [Mon Sep 13 2021 08:47:18 GMT+0530 (India Standard Time)]  Password doesn't match!
error [Mon Sep 13 2021 08:47:19 GMT+0530 (India Standard Time)]  Invalid User Credentials


error [Mon Sep 13 2021 08:47:42 GMT+0530 (India Standard Time)]  Password doesn't match!
error [Mon Sep 13 2021 08:47:42 GMT+0530 (India Standard Time)]  Invalid User Credentials








error [Mon Sep 13 2021 08:51:19 GMT+0530 (India Standard Time)]  Password doesn't match!
error [Mon Sep 13 2021 08:51:19 GMT+0530 (India Standard Time)]  Invalid User Credentials


error [Mon Sep 13 2021 08:52:14 GMT+0530 (India Standard Time)]  Password doesn't match!
error [Mon Sep 13 2021 08:52:14 GMT+0530 (India Standard Time)]  Invalid User Credentials


error [Mon Sep 13 2021 08:52:28 GMT+0530 (India Standard Time)]  Password doesn't match!
error [Mon Sep 13 2021 08:52:28 GMT+0530 (India Standard Time)]  Invalid User Credentials


error [Mon Sep 13 2021 08:52:59 GMT+0530 (India Standard Time)]  Password doesn't match!
error [Mon Sep 13 2021 08:52:59 GMT+0530 (India Standard Time)]  Invalid User Credentials




error [Mon Sep 13 2021 08:54:39 GMT+0530 (India Standard Time)]  Password doesn't match!
error [Mon Sep 13 2021 08:54:39 GMT+0530 (India Standard Time)]  Invalid User Credentials




error [Mon Sep 13 2021 08:57:56 GMT+0530 (India Standard Time)]  Password doesn't match!
error [Mon Sep 13 2021 08:57:56 GMT+0530 (India Standard Time)]  Invalid User Credentials


error [Mon Sep 13 2021 18:46:42 GMT+0530 (India Standard Time)]  Invalid User Credentials
error [Mon Sep 13 2021 18:46:43 GMT+0530 (India Standard Time)]  Password doesn't match!


error [Mon Sep 13 2021 18:54:29 GMT+0530 (India Standard Time)]  Password doesn't match!
error [Mon Sep 13 2021 18:54:29 GMT+0530 (India Standard Time)]  Invalid User Credentials


error [Mon Sep 13 2021 18:58:02 GMT+0530 (India Standard Time)]  Password doesn't match!
error [Mon Sep 13 2021 18:58:02 GMT+0530 (India Standard Time)]  Invalid User Credentials


error [Mon Sep 13 2021 18:58:53 GMT+0530 (India Standard Time)]  Password doesn't match!
error [Mon Sep 13 2021 18:58:53 GMT+0530 (India Standard Time)]  Invalid User Credentials


error [Mon Sep 13 2021 19:00:09 GMT+0530 (India Standard Time)]  Password doesn't match!
error [Mon Sep 13 2021 19:00:09 GMT+0530 (India Standard Time)]  Invalid User Credentials


error [Mon Sep 13 2021 19:03:58 GMT+0530 (India Standard Time)]  Password doesn't match!
error [Mon Sep 13 2021 19:03:58 GMT+0530 (India Standard Time)]  Invalid User Credentials


error [Mon Sep 13 2021 19:37:24 GMT+0530 (India Standard Time)]  Password doesn't match!
error [Mon Sep 13 2021 19:37:24 GMT+0530 (India Standard Time)]  Invalid User Credentials


error [Mon Sep 13 2021 19:42:17 GMT+0530 (India Standard Time)]  Password doesn't match!
error [Mon Sep 13 2021 19:42:17 GMT+0530 (India Standard Time)]  Invalid User Credentials


error [Mon Sep 13 2021 19:48:06 GMT+0530 (India Standard Time)]  Password doesn't match!
error [Mon Sep 13 2021 19:48:06 GMT+0530 (India Standard Time)]  Invalid User Credentials


error [Mon Sep 13 2021 19:51:39 GMT+0530 (India Standard Time)]  Password doesn't match!
error [Mon Sep 13 2021 19:51:39 GMT+0530 (India Standard Time)]  Invalid User Credentials


error [Mon Sep 13 2021 20:45:29 GMT+0530 (India Standard Time)]  Password doesn't match!
error [Mon Sep 13 2021 20:45:29 GMT+0530 (India Standard Time)]  Invalid User Credentials


error [Mon Sep 13 2021 20:57:18 GMT+0530 (India Standard Time)]  Password doesn't match!
error [Mon Sep 13 2021 20:57:18 GMT+0530 (India Standard Time)]  Invalid User Credentials


error [Mon Sep 13 2021 21:00:35 GMT+0530 (India Standard Time)]  Password doesn't match!
error [Mon Sep 13 2021 21:00:35 GMT+0530 (India Standard Time)]  Invalid User Credentials


error [Mon Sep 13 2021 21:03:28 GMT+0530 (India Standard Time)]  Password doesn't match!
error [Mon Sep 13 2021 21:03:28 GMT+0530 (India Standard Time)]  Invalid User Credentials


error [Mon Sep 13 2021 21:13:44 GMT+0530 (India Standard Time)]  Password doesn't match!
error [Mon Sep 13 2021 21:13:44 GMT+0530 (India Standard Time)]  Invalid User Credentials




error [Mon Sep 13 2021 22:05:19 GMT+0530 (India Standard Time)]  Password doesn't match!
error [Mon Sep 13 2021 22:05:19 GMT+0530 (India Standard Time)]  Invalid User Credentials


error [Tue Sep 14 2021 08:29:03 GMT+0530 (India Standard Time)]  Password doesn't match!
error [Tue Sep 14 2021 08:29:03 GMT+0530 (India Standard Time)]  Invalid User Credentials






error [Tue Sep 14 2021 08:36:22 GMT+0530 (India Standard Time)]  Password doesn't match!
error [Tue Sep 14 2021 08:36:22 GMT+0530 (India Standard Time)]  Invalid User Credentials


error [Tue Sep 14 2021 08:39:06 GMT+0530 (India Standard Time)]  Password doesn't match!
error [Tue Sep 14 2021 08:39:06 GMT+0530 (India Standard Time)]  Invalid User Credentials


error [Tue Sep 14 2021 19:12:09 GMT+0530 (India Standard Time)]  Password doesn't match!
error [Tue Sep 14 2021 19:12:09 GMT+0530 (India Standard Time)]  Invalid User Credentials


error [Tue Sep 14 2021 19:39:37 GMT+0530 (India Standard Time)]  Password doesn't match!
error [Tue Sep 14 2021 19:39:37 GMT+0530 (India Standard Time)]  Invalid User Credentials


error [Tue Sep 14 2021 19:40:49 GMT+0530 (India Standard Time)]  Password doesn't match!
error [Tue Sep 14 2021 19:40:49 GMT+0530 (India Standard Time)]  Invalid User Credentials


error [Tue Sep 14 2021 19:46:43 GMT+0530 (India Standard Time)]  Password doesn't match!
error [Tue Sep 14 2021 19:46:43 GMT+0530 (India Standard Time)]  Invalid User Credentials


error [Tue Sep 14 2021 19:50:41 GMT+0530 (India Standard Time)]  Password doesn't match!
error [Tue Sep 14 2021 19:50:41 GMT+0530 (India Standard Time)]  Invalid User Credentials


error [Tue Sep 14 2021 19:58:10 GMT+0530 (India Standard Time)]  Password doesn't match!
error [Tue Sep 14 2021 19:58:10 GMT+0530 (India Standard Time)]  Invalid User Credentials


error [Tue Sep 14 2021 20:00:06 GMT+0530 (India Standard Time)]  Password doesn't match!
error [Tue Sep 14 2021 20:00:06 GMT+0530 (India Standard Time)]  Invalid User Credentials


error [Tue Sep 14 2021 20:07:55 GMT+0530 (India Standard Time)]  Password doesn't match!
error [Tue Sep 14 2021 20:07:55 GMT+0530 (India Standard Time)]  Invalid User Credentials


error [Tue Sep 14 2021 20:09:00 GMT+0530 (India Standard Time)]  Password doesn't match!
error [Tue Sep 14 2021 20:09:00 GMT+0530 (India Standard Time)]  Invalid User Credentials


error [Tue Sep 14 2021 20:10:44 GMT+0530 (India Standard Time)]  Password doesn't match!
error [Tue Sep 14 2021 20:10:44 GMT+0530 (India Standard Time)]  Invalid User Credentials


error [Tue Sep 14 2021 21:52:03 GMT+0530 (India Standard Time)]  Password doesn't match!
error [Tue Sep 14 2021 21:52:03 GMT+0530 (India Standard Time)]  Invalid User Credentials


error [Tue Sep 14 2021 21:53:35 GMT+0530 (India Standard Time)]  Password doesn't match!
error [Tue Sep 14 2021 21:53:35 GMT+0530 (India Standard Time)]  Invalid User Credentials


error [Wed Sep 15 2021 06:22:07 GMT+0530 (India Standard Time)]  Password doesn't match!
error [Wed Sep 15 2021 06:22:07 GMT+0530 (India Standard Time)]  Invalid User Credentials


error [Wed Sep 15 2021 06:24:23 GMT+0530 (India Standard Time)]  Password doesn't match!
error [Wed Sep 15 2021 06:24:23 GMT+0530 (India Standard Time)]  Invalid User Credentials


error [Wed Sep 15 2021 06:25:17 GMT+0530 (India Standard Time)]  Password doesn't match!
error [Wed Sep 15 2021 06:25:17 GMT+0530 (India Standard Time)]  Invalid User Credentials


error [Wed Sep 15 2021 06:28:45 GMT+0530 (India Standard Time)]  Password doesn't match!
error [Wed Sep 15 2021 06:28:45 GMT+0530 (India Standard Time)]  Invalid User Credentials


error [Wed Sep 15 2021 06:35:30 GMT+0530 (India Standard Time)]  Password doesn't match!
error [Wed Sep 15 2021 06:35:30 GMT+0530 (India Standard Time)]  Invalid User Credentials


error [Wed Sep 15 2021 06:37:39 GMT+0530 (India Standard Time)]  Password doesn't match!
error [Wed Sep 15 2021 06:37:39 GMT+0530 (India Standard Time)]  Invalid User Credentials


error [Wed Sep 15 2021 06:42:52 GMT+0530 (India Standard Time)]  Password doesn't match!
error [Wed Sep 15 2021 06:42:52 GMT+0530 (India Standard Time)]  Invalid User Credentials



info [Wed Sep 15 2021 06:50:26 GMT+0530 (India Standard Time)]  Successfully connected to the database
info [Wed Sep 15 2021 06:50:26 GMT+0530 (India Standard Time)]  Server is listening on port 3000



info [Wed Sep 15 2021 06:59:28 GMT+0530 (India Standard Time)]  Server is listening on port 3000
info [Wed Sep 15 2021 06:59:28 GMT+0530 (India Standard Time)]  Successfully connected to the database



info [Wed Sep 15 2021 06:59:44 GMT+0530 (India Standard Time)]  Server is listening on port 3000
info [Wed Sep 15 2021 06:59:44 GMT+0530 (India Standard Time)]  Successfully connected to the database



info [Wed Sep 15 2021 07:04:22 GMT+0530 (India Standard Time)]  Server is listening on port 3000
info [Wed Sep 15 2021 07:04:22 GMT+0530 (India Standard Time)]  Successfully connected to the database
